<?xml version="1.0" encoding="UTF-8"?>
<!-- Generated by org.testng.reporters.JUnitReportReporter -->
<testsuite hostname="MacBook-Pro-Nikita.local" failures="0" tests="1" name="tests.base.AuthorizationTest" time="0.651" errors="0" timestamp="2023-03-19T11:02:22 SAMT" skipped="0">
  <testcase classname="tests.base.AuthorizationTest" name="loginByUnregisteredUserData" time="0.651"/>
  <system-out/>
</testsuite> <!-- tests.base.AuthorizationTest -->
